C:\PROJECT\MYPROJECT2\DEBUG\MYPROJECT2.EXE
C:\PROJECT\MYPROJECT2\DEBUG\MYPROJECT2.ILK
C:\PROJECT\MYPROJECT2\DEBUG\MYPROJECT2.PDB
C:\Project\myProject2\myProject2\Debug\cl.command.1.tlog
C:\Project\myProject2\myProject2\Debug\CL.read.1.tlog
C:\Project\myProject2\myProject2\Debug\CL.write.1.tlog
C:\PROJECT\MYPROJECT2\MYPROJECT2\DEBUG\ICVECTOR.OBJ
C:\PROJECT\MYPROJECT2\MYPROJECT2\DEBUG\LEARNPLY.OBJ
C:\Project\myProject2\myProject2\Debug\link.command.1.tlog
C:\Project\myProject2\myProject2\Debug\link.read.1.tlog
C:\Project\myProject2\myProject2\Debug\link.write.1.tlog
C:\Project\myProject2\myProject2\Debug\mt.command.1.tlog
C:\Project\myProject2\myProject2\Debug\mt.read.1.tlog
C:\Project\myProject2\myProject2\Debug\mt.write.1.tlog
C:\PROJECT\MYPROJECT2\MYPROJECT2\DEBUG\MYPROJECT2.EXE.INTERMEDIATE.MANIFEST
C:\PROJECT\MYPROJECT2\MYPROJECT2\DEBUG\PLY.OBJ
C:\PROJECT\MYPROJECT2\MYPROJECT2\DEBUG\TMATRIX.OBJ
C:\PROJECT\MYPROJECT2\MYPROJECT2\DEBUG\TRACKBALL.OBJ
C:\Project\myProject2\myProject2\Debug\vc100.idb
C:\PROJECT\MYPROJECT2\MYPROJECT2\DEBUG\VC100.PDB
